0 info it worked if it ends with ok
1 verbose cli [ '/home/zhuoyue/.nvm/versions/node/v6.3.0/bin/node',
1 verbose cli   '/home/zhuoyue/.nvm/versions/node/v6.3.0/bin/npm',
1 verbose cli   'init',
1 verbose cli   '-y' ]
2 info using npm@3.10.3
3 info using node@v6.3.0
4 silly package data undefined
5 info init written successfully
6 verbose stack Error: Invalid name: "clean input"
6 verbose stack     at ensureValidName (/home/zhuoyue/.nvm/versions/node/v6.3.0/lib/node_modules/npm/node_modules/normalize-package-data/lib/fixer.js:336:15)
6 verbose stack     at Object.module.exports.fixNameField (/home/zhuoyue/.nvm/versions/node/v6.3.0/lib/node_modules/npm/node_modules/normalize-package-data/lib/fixer.js:215:5)
6 verbose stack     at /home/zhuoyue/.nvm/versions/node/v6.3.0/lib/node_modules/npm/node_modules/normalize-package-data/lib/normalize.js:32:38
6 verbose stack     at Array.forEach (native)
6 verbose stack     at normalize (/home/zhuoyue/.nvm/versions/node/v6.3.0/lib/node_modules/npm/node_modules/normalize-package-data/lib/normalize.js:31:15)
6 verbose stack     at final (/home/zhuoyue/.nvm/versions/node/v6.3.0/lib/node_modules/npm/node_modules/read-package-json/read-json.js:349:5)
6 verbose stack     at then (/home/zhuoyue/.nvm/versions/node/v6.3.0/lib/node_modules/npm/node_modules/read-package-json/read-json.js:124:5)
6 verbose stack     at ReadFileContext.<anonymous> (/home/zhuoyue/.nvm/versions/node/v6.3.0/lib/node_modules/npm/node_modules/read-package-json/read-json.js:295:20)
6 verbose stack     at ReadFileContext.callback (/home/zhuoyue/.nvm/versions/node/v6.3.0/lib/node_modules/npm/node_modules/graceful-fs/graceful-fs.js:78:16)
6 verbose stack     at FSReqWrap.readFileAfterOpen [as oncomplete] (fs.js:365:13)
7 verbose cwd /home/zhuoyue/clean input
8 error Linux 4.4.0-31-generic
9 error argv "/home/zhuoyue/.nvm/versions/node/v6.3.0/bin/node" "/home/zhuoyue/.nvm/versions/node/v6.3.0/bin/npm" "init" "-y"
10 error node v6.3.0
11 error npm  v3.10.3
12 error Invalid name: "clean input"
13 error If you need help, you may report this error at:
13 error     <https://github.com/npm/npm/issues>
14 verbose exit [ 1, true ]
